# JRE version: Java(TM) SE Runtime Environment (16.0.1+9) (build 16.0.1+9-24)
# Java VM: Java HotSpot(TM) 64-Bit Server VM (16.0.1+9-24, mixed mode, sharing, tiered, compressed oops, compressed class ptrs, g1 gc, windows-amd64)
GC Precious Log:
 CPUs: 2 total, 2 available
 Memory: 8191M
 Large Page Support: Disabled
 NUMA Support: Disabled
 Compressed Oops: Enabled (32-bit)
 Heap Region Size: 1M
 Heap Min Capacity: 8M
 Heap Initial Capacity: 128M
 Heap Max Capacity: 2G
 Pre-touch: Disabled
 Parallel Workers: 2
 Concurrent Workers: 1
 Concurrent Refinement Workers: 2
 Periodic GC: Disabled
Heap:
 garbage-first heap   total 131072K, used 49972K [0x0000000080000000, 0x0000000100000000)
  region size 1024K, 40 young (40960K), 5 survivors (5120K)
 Metaspace       used 13941K, committed 14080K, reserved 1064960K
  class space    used 1461K, committed 1536K, reserved 1048576K
GC Heap History (10 events):
Event: 1.240 GC heap before
{Heap before GC invocations=0 (full 0):
 garbage-first heap   total 131072K, used 5120K [0x0000000080000000, 0x0000000100000000)
  region size 1024K, 6 young (6144K), 0 survivors (0K)
 Metaspace       used 1785K, committed 1920K, reserved 1056768K
  class space    used 139K, committed 192K, reserved 1048576K
}
Event: 1.248 GC heap after
{Heap after GC invocations=1 (full 0):
 garbage-first heap   total 131072K, used 2107K [0x0000000080000000, 0x0000000100000000)
  region size 1024K, 1 young (1024K), 1 survivors (1024K)
 Metaspace       used 1785K, committed 1920K, reserved 1056768K
  class space    used 139K, committed 192K, reserved 1048576K
}
Event: 1.578 GC heap before
{Heap before GC invocations=1 (full 0):
 garbage-first heap   total 131072K, used 6203K [0x0000000080000000, 0x0000000100000000)
  region size 1024K, 6 young (6144K), 1 survivors (1024K)
 Metaspace       used 2960K, committed 3136K, reserved 1056768K
  class space    used 272K, committed 384K, reserved 1048576K
}
Event: 1.582 GC heap after
{Heap after GC invocations=2 (full 0):
 garbage-first heap   total 131072K, used 3177K [0x0000000080000000, 0x0000000100000000)
  region size 1024K, 1 young (1024K), 1 survivors (1024K)
 Metaspace       used 2960K, committed 3136K, reserved 1056768K
  class space    used 272K, committed 384K, reserved 1048576K
}
Event: 2.050 GC heap before
{Heap before GC invocations=2 (full 0):
 garbage-first heap   total 131072K, used 13417K [0x0000000080000000, 0x0000000100000000)
  region size 1024K, 11 young (11264K), 1 survivors (1024K)
 Metaspace       used 4917K, committed 5056K, reserved 1056768K
  class space    used 547K, committed 640K, reserved 1048576K
}
Event: 2.053 GC heap after
{Heap after GC invocations=3 (full 0):
 garbage-first heap   total 131072K, used 3719K [0x0000000080000000, 0x0000000100000000)
  region size 1024K, 2 young (2048K), 2 survivors (2048K)
 Metaspace       used 4917K, committed 5056K, reserved 1056768K
  class space    used 547K, committed 640K, reserved 1048576K
}
Event: 14.455 GC heap before
{Heap before GC invocations=3 (full 0):
 garbage-first heap   total 131072K, used 79495K [0x0000000080000000, 0x0000000100000000)
  region size 1024K, 76 young (77824K), 2 survivors (2048K)
 Metaspace       used 12902K, committed 13056K, reserved 1064960K
  class space    used 1437K, committed 1536K, reserved 1048576K
}
Event: 14.478 GC heap after
{Heap after GC invocations=4 (full 0):
 garbage-first heap   total 131072K, used 10829K [0x0000000080000000, 0x0000000100000000)
  region size 1024K, 9 young (9216K), 9 survivors (9216K)
 Metaspace       used 12902K, committed 13056K, reserved 1064960K
  class space    used 1437K, committed 1536K, reserved 1048576K
}
Event: 15.765 GC heap before
{Heap before GC invocations=4 (full 0):
 garbage-first heap   total 131072K, used 57933K [0x0000000080000000, 0x0000000100000000)
  region size 1024K, 55 young (56320K), 9 survivors (9216K)
 Metaspace       used 13487K, committed 13696K, reserved 1064960K
  class space    used 1444K, committed 1536K, reserved 1048576K
}
Event: 15.788 GC heap after
{Heap after GC invocations=5 (full 0):
 garbage-first heap   total 131072K, used 15156K [0x0000000080000000, 0x0000000100000000)
  region size 1024K, 5 young (5120K), 5 survivors (5120K)
 Metaspace       used 13487K, committed 13696K, reserved 1064960K
  class space    used 1444K, committed 1536K, reserved 1048576K
}

